2012-01-10 15:49:55 Error: [MissingViewException] View file "/var/www/cakephp1/app/View/Categories/index.ctp" is missing.
#0 /var/www/cakephp1/lib/Cake/View/View.php(363): View->_getViewFileName(NULL)
#1 /var/www/cakephp1/lib/Cake/Controller/Controller.php(900): View->render(NULL, NULL)
#2 /var/www/cakephp1/lib/Cake/Routing/Dispatcher.php(114): Controller->render()
#3 /var/www/cakephp1/lib/Cake/Routing/Dispatcher.php(89): Dispatcher->_invoke(Object(CategoriesController), Object(CakeRequest), Object(CakeResponse))
#4 /var/www/cakephp1/app/webroot/index.php(96): Dispatcher->dispatch(Object(CakeRequest), Object(CakeResponse))
#5 {main}
2012-01-10 15:51:52 Error: [MissingActionException] Action CategoriesController::view() could not be found.
#0 /var/www/cakephp1/lib/Cake/Routing/Dispatcher.php(107): Controller->invokeAction(Object(CakeRequest))
#1 /var/www/cakephp1/lib/Cake/Routing/Dispatcher.php(89): Dispatcher->_invoke(Object(CategoriesController), Object(CakeRequest), Object(CakeResponse))
#2 /var/www/cakephp1/app/webroot/index.php(96): Dispatcher->dispatch(Object(CakeRequest), Object(CakeResponse))
#3 {main}
2012-01-10 15:52:53 Error: [MissingViewException] View file "/var/www/cakephp1/app/View/Categories/add.ctp" is missing.
#0 /var/www/cakephp1/lib/Cake/View/View.php(363): View->_getViewFileName(NULL)
#1 /var/www/cakephp1/lib/Cake/Controller/Controller.php(900): View->render(NULL, NULL)
#2 /var/www/cakephp1/lib/Cake/Routing/Dispatcher.php(114): Controller->render()
#3 /var/www/cakephp1/lib/Cake/Routing/Dispatcher.php(89): Dispatcher->_invoke(Object(CategoriesController), Object(CakeRequest), Object(CakeResponse))
#4 /var/www/cakephp1/app/webroot/index.php(96): Dispatcher->dispatch(Object(CakeRequest), Object(CakeResponse))
#5 {main}
2012-01-10 16:05:41 Error: [MissingActionException] Action CategoriesController::view() could not be found.
#0 /var/www/cakephp1/lib/Cake/Routing/Dispatcher.php(107): Controller->invokeAction(Object(CakeRequest))
#1 /var/www/cakephp1/lib/Cake/Routing/Dispatcher.php(89): Dispatcher->_invoke(Object(CategoriesController), Object(CakeRequest), Object(CakeResponse))
#2 /var/www/cakephp1/app/webroot/index.php(96): Dispatcher->dispatch(Object(CakeRequest), Object(CakeResponse))
#3 {main}
2012-01-10 16:05:55 Error: [MissingActionException] Action CategoriesController::view() could not be found.
#0 /var/www/cakephp1/lib/Cake/Routing/Dispatcher.php(107): Controller->invokeAction(Object(CakeRequest))
#1 /var/www/cakephp1/lib/Cake/Routing/Dispatcher.php(89): Dispatcher->_invoke(Object(CategoriesController), Object(CakeRequest), Object(CakeResponse))
#2 /var/www/cakephp1/app/webroot/index.php(96): Dispatcher->dispatch(Object(CakeRequest), Object(CakeResponse))
#3 {main}
2012-01-10 16:07:11 Error: [MissingActionException] Action CategoriesController::view() could not be found.
#0 /var/www/cakephp1/lib/Cake/Routing/Dispatcher.php(107): Controller->invokeAction(Object(CakeRequest))
#1 /var/www/cakephp1/lib/Cake/Routing/Dispatcher.php(89): Dispatcher->_invoke(Object(CategoriesController), Object(CakeRequest), Object(CakeResponse))
#2 /var/www/cakephp1/app/webroot/index.php(96): Dispatcher->dispatch(Object(CakeRequest), Object(CakeResponse))
#3 {main}
2012-01-11 11:44:59 Error: [MissingTableException] Database table categories for model Category was not found.
#0 /var/www/cakephp1/lib/Cake/Model/Model.php(3238): Model->setSource('categories')
#1 /var/www/cakephp1/lib/Cake/Model/Model.php(2460): Model->getDataSource()
#2 /var/www/cakephp1/app/Controller/CategoriesController.php(7): Model->find('all')
#3 [internal function]: CategoriesController->index()
#4 /var/www/cakephp1/lib/Cake/Controller/Controller.php(473): ReflectionMethod->invokeArgs(Object(CategoriesController), Array)
#5 /var/www/cakephp1/lib/Cake/Routing/Dispatcher.php(107): Controller->invokeAction(Object(CakeRequest))
#6 /var/www/cakephp1/lib/Cake/Routing/Dispatcher.php(89): Dispatcher->_invoke(Object(CategoriesController), Object(CakeRequest), Object(CakeResponse))
#7 /var/www/cakephp1/app/webroot/index.php(96): Dispatcher->dispatch(Object(CakeRequest), Object(CakeResponse))
#8 {main}
2012-01-11 11:45:07 Error: [MissingTableException] Database table categories for model Category was not found.
#0 /var/www/cakephp1/lib/Cake/Model/Model.php(3238): Model->setSource('categories')
#1 /var/www/cakephp1/lib/Cake/Model/Model.php(1206): Model->getDataSource()
#2 /var/www/cakephp1/lib/Cake/View/Helper/FormHelper.php(198): Model->schema()
#3 /var/www/cakephp1/lib/Cake/View/Helper/FormHelper.php(450): FormHelper->_introspectModel('Category', 'fields')
#4 /var/www/cakephp1/app/View/Categories/add.ctp(5): FormHelper->create('Category')
#5 /var/www/cakephp1/lib/Cake/View/View.php(598): include('/var/www/cakeph...')
#6 /var/www/cakephp1/lib/Cake/View/View.php(365): View->_render('/var/www/cakeph...')
#7 /var/www/cakephp1/lib/Cake/Controller/Controller.php(900): View->render(NULL, NULL)
#8 /var/www/cakephp1/lib/Cake/Routing/Dispatcher.php(114): Controller->render()
#9 /var/www/cakephp1/lib/Cake/Routing/Dispatcher.php(89): Dispatcher->_invoke(Object(CategoriesController), Object(CakeRequest), Object(CakeResponse))
#10 /var/www/cakephp1/app/webroot/index.php(96): Dispatcher->dispatch(Object(CakeRequest), Object(CakeResponse))
#11 {main}
2012-01-11 11:45:23 Error: [MissingTableException] Database table categories for model Category was not found.
#0 /var/www/cakephp1/lib/Cake/Model/Model.php(3238): Model->setSource('categories')
#1 /var/www/cakephp1/lib/Cake/Model/Model.php(2460): Model->getDataSource()
#2 /var/www/cakephp1/app/Controller/CategoriesController.php(7): Model->find('all')
#3 [internal function]: CategoriesController->index()
#4 /var/www/cakephp1/lib/Cake/Controller/Controller.php(473): ReflectionMethod->invokeArgs(Object(CategoriesController), Array)
#5 /var/www/cakephp1/lib/Cake/Routing/Dispatcher.php(107): Controller->invokeAction(Object(CakeRequest))
#6 /var/www/cakephp1/lib/Cake/Routing/Dispatcher.php(89): Dispatcher->_invoke(Object(CategoriesController), Object(CakeRequest), Object(CakeResponse))
#7 /var/www/cakephp1/app/webroot/index.php(96): Dispatcher->dispatch(Object(CakeRequest), Object(CakeResponse))
#8 {main}
2012-01-11 12:17:01 Error: [MissingControllerException] Controller class CategoriesController could not be found.
#0 /var/www/cakephp_nettuts/app/webroot/index.php(96): Dispatcher->dispatch(Object(CakeRequest), Object(CakeResponse))
#1 {main}
2012-01-11 12:21:36 Error: [MissingControllerException] Controller class UsersController could not be found.
#0 /var/www/cakephp_nettuts/app/webroot/index.php(96): Dispatcher->dispatch(Object(CakeRequest), Object(CakeResponse))
#1 {main}
2012-01-11 12:24:16 Error: [MissingControllerException] Controller class EditController could not be found.
#0 /var/www/cakephp_nettuts/app/webroot/index.php(96): Dispatcher->dispatch(Object(CakeRequest), Object(CakeResponse))
#1 {main}
2012-01-11 12:31:34 Error: [MissingActionException] Action UsersController::edit() could not be found.
#0 /var/www/cakephp_nettuts/lib/Cake/Routing/Dispatcher.php(107): Controller->invokeAction(Object(CakeRequest))
#1 /var/www/cakephp_nettuts/lib/Cake/Routing/Dispatcher.php(89): Dispatcher->_invoke(Object(UsersController), Object(CakeRequest), Object(CakeResponse))
#2 /var/www/cakephp_nettuts/app/webroot/index.php(96): Dispatcher->dispatch(Object(CakeRequest), Object(CakeResponse))
#3 {main}
2012-01-11 17:23:10 Error: [MissingControllerException] Controller class CategoriesController could not be found.
#0 /var/www/cakephp_nettuts/app/webroot/index.php(96): Dispatcher->dispatch(Object(CakeRequest), Object(CakeResponse))
#1 {main}
2013-09-01 17:55:11 Error: [MissingConnectionException] Database connection "SQLSTATE[28000] [1045] Access denied for user 'root'@'localhost' (using password: YES)" is missing, or could not be created.
#0 /var/www/html/manu_cake/lib/Cake/Model/Datasource/DboSource.php(244): Mysql->connect()
#1 /var/www/html/manu_cake/lib/Cake/Model/ConnectionManager.php(98): DboSource->__construct(Array)
#2 /var/www/html/manu_cake/lib/Cake/Model/Model.php(3214): ConnectionManager::getDataSource('default')
#3 /var/www/html/manu_cake/lib/Cake/Model/Model.php(1023): Model->setDataSource('default')
#4 /var/www/html/manu_cake/lib/Cake/Model/Model.php(3238): Model->setSource('users')
#5 /var/www/html/manu_cake/lib/Cake/Model/Model.php(2460): Model->getDataSource()
#6 /var/www/html/manu_cake/app/Controller/users_controller.php(10): Model->find('all')
#7 [internal function]: UsersController->index()
#8 /var/www/html/manu_cake/lib/Cake/Controller/Controller.php(473): ReflectionMethod->invokeArgs(Object(UsersController), Array)
#9 /var/www/html/manu_cake/lib/Cake/Routing/Dispatcher.php(107): Controller->invokeAction(Object(CakeRequest))
#10 /var/www/html/manu_cake/lib/Cake/Routing/Dispatcher.php(89): Dispatcher->_invoke(Object(UsersController), Object(CakeRequest), Object(CakeResponse))
#11 /var/www/html/manu_cake/app/webroot/index.php(96): Dispatcher->dispatch(Object(CakeRequest), Object(CakeResponse))
#12 /var/www/html/manu_cake/index.php(40): require('/var/www/html/m...')
#13 {main}
2013-09-03 14:55:44 Error: [MissingViewException] View file "/var/www/html/manu_cake/app/View/Users/send_ics.ctp" is missing.
#0 /var/www/html/manu_cake/lib/Cake/View/View.php(363): View->_getViewFileName(NULL)
#1 /var/www/html/manu_cake/lib/Cake/Controller/Controller.php(900): View->render(NULL, NULL)
#2 /var/www/html/manu_cake/lib/Cake/Routing/Dispatcher.php(114): Controller->render()
#3 /var/www/html/manu_cake/lib/Cake/Routing/Dispatcher.php(89): Dispatcher->_invoke(Object(UsersController), Object(CakeRequest), Object(CakeResponse))
#4 /var/www/html/manu_cake/app/webroot/index.php(96): Dispatcher->dispatch(Object(CakeRequest), Object(CakeResponse))
#5 {main}
2013-09-05 19:58:40 Error: [MissingConnectionException] Database connection "SQLSTATE[42000] [1049] Unknown database 'testDb'" is missing, or could not be created.
#0 /var/www/html/manu_cake/lib/Cake/Model/Datasource/DboSource.php(244): Mysql->connect()
#1 /var/www/html/manu_cake/lib/Cake/Model/ConnectionManager.php(98): DboSource->__construct(Array)
#2 /var/www/html/manu_cake/lib/Cake/Model/Model.php(3214): ConnectionManager::getDataSource('default')
#3 /var/www/html/manu_cake/lib/Cake/Model/Model.php(1023): Model->setDataSource('default')
#4 /var/www/html/manu_cake/lib/Cake/Model/Model.php(3238): Model->setSource('users')
#5 /var/www/html/manu_cake/lib/Cake/Model/Model.php(2460): Model->getDataSource()
#6 /var/www/html/manu_cake/app/Controller/users_controller.php(19): Model->find('all', Array)
#7 [internal function]: UsersController->index()
#8 /var/www/html/manu_cake/lib/Cake/Controller/Controller.php(473): ReflectionMethod->invokeArgs(Object(UsersController), Array)
#9 /var/www/html/manu_cake/lib/Cake/Routing/Dispatcher.php(107): Controller->invokeAction(Object(CakeRequest))
#10 /var/www/html/manu_cake/lib/Cake/Routing/Dispatcher.php(89): Dispatcher->_invoke(Object(UsersController), Object(CakeRequest), Object(CakeResponse))
#11 /var/www/html/manu_cake/app/webroot/index.php(96): Dispatcher->dispatch(Object(CakeRequest), Object(CakeResponse))
#12 {main}
2013-09-05 19:58:44 Error: [MissingConnectionException] Database connection "SQLSTATE[42000] [1049] Unknown database 'testDb'" is missing, or could not be created.
#0 /var/www/html/manu_cake/lib/Cake/Model/Datasource/DboSource.php(244): Mysql->connect()
#1 /var/www/html/manu_cake/lib/Cake/Model/ConnectionManager.php(98): DboSource->__construct(Array)
#2 /var/www/html/manu_cake/lib/Cake/Model/Model.php(3214): ConnectionManager::getDataSource('default')
#3 /var/www/html/manu_cake/lib/Cake/Model/Model.php(1023): Model->setDataSource('default')
#4 /var/www/html/manu_cake/lib/Cake/Model/Model.php(3238): Model->setSource('users')
#5 /var/www/html/manu_cake/lib/Cake/Model/Model.php(2460): Model->getDataSource()
#6 /var/www/html/manu_cake/app/Controller/users_controller.php(19): Model->find('all', Array)
#7 [internal function]: UsersController->index()
#8 /var/www/html/manu_cake/lib/Cake/Controller/Controller.php(473): ReflectionMethod->invokeArgs(Object(UsersController), Array)
#9 /var/www/html/manu_cake/lib/Cake/Routing/Dispatcher.php(107): Controller->invokeAction(Object(CakeRequest))
#10 /var/www/html/manu_cake/lib/Cake/Routing/Dispatcher.php(89): Dispatcher->_invoke(Object(UsersController), Object(CakeRequest), Object(CakeResponse))
#11 /var/www/html/manu_cake/app/webroot/index.php(96): Dispatcher->dispatch(Object(CakeRequest), Object(CakeResponse))
#12 {main}
2013-09-05 20:00:24 Error: [MissingConnectionException] Database connection "SQLSTATE[42000] [1049] Unknown database 'testDb'" is missing, or could not be created.
#0 /var/www/html/manu_cake/lib/Cake/Model/Datasource/DboSource.php(244): Mysql->connect()
#1 /var/www/html/manu_cake/lib/Cake/Model/ConnectionManager.php(98): DboSource->__construct(Array)
#2 /var/www/html/manu_cake/lib/Cake/Model/Model.php(3214): ConnectionManager::getDataSource('default')
#3 /var/www/html/manu_cake/lib/Cake/Model/Model.php(1023): Model->setDataSource('default')
#4 /var/www/html/manu_cake/lib/Cake/Model/Model.php(3238): Model->setSource('users')
#5 /var/www/html/manu_cake/lib/Cake/Model/Model.php(2460): Model->getDataSource()
#6 /var/www/html/manu_cake/app/Controller/users_controller.php(19): Model->find('all', Array)
#7 [internal function]: UsersController->index()
#8 /var/www/html/manu_cake/lib/Cake/Controller/Controller.php(473): ReflectionMethod->invokeArgs(Object(UsersController), Array)
#9 /var/www/html/manu_cake/lib/Cake/Routing/Dispatcher.php(107): Controller->invokeAction(Object(CakeRequest))
#10 /var/www/html/manu_cake/lib/Cake/Routing/Dispatcher.php(89): Dispatcher->_invoke(Object(UsersController), Object(CakeRequest), Object(CakeResponse))
#11 /var/www/html/manu_cake/app/webroot/index.php(96): Dispatcher->dispatch(Object(CakeRequest), Object(CakeResponse))
#12 {main}
2013-09-05 20:00:26 Error: [MissingConnectionException] Database connection "SQLSTATE[42000] [1049] Unknown database 'testDb'" is missing, or could not be created.
#0 /var/www/html/manu_cake/lib/Cake/Model/Datasource/DboSource.php(244): Mysql->connect()
#1 /var/www/html/manu_cake/lib/Cake/Model/ConnectionManager.php(98): DboSource->__construct(Array)
#2 /var/www/html/manu_cake/lib/Cake/Model/Model.php(3214): ConnectionManager::getDataSource('default')
#3 /var/www/html/manu_cake/lib/Cake/Model/Model.php(1023): Model->setDataSource('default')
#4 /var/www/html/manu_cake/lib/Cake/Model/Model.php(3238): Model->setSource('users')
#5 /var/www/html/manu_cake/lib/Cake/Model/Model.php(2460): Model->getDataSource()
#6 /var/www/html/manu_cake/app/Controller/users_controller.php(19): Model->find('all', Array)
#7 [internal function]: UsersController->index()
#8 /var/www/html/manu_cake/lib/Cake/Controller/Controller.php(473): ReflectionMethod->invokeArgs(Object(UsersController), Array)
#9 /var/www/html/manu_cake/lib/Cake/Routing/Dispatcher.php(107): Controller->invokeAction(Object(CakeRequest))
#10 /var/www/html/manu_cake/lib/Cake/Routing/Dispatcher.php(89): Dispatcher->_invoke(Object(UsersController), Object(CakeRequest), Object(CakeResponse))
#11 /var/www/html/manu_cake/app/webroot/index.php(96): Dispatcher->dispatch(Object(CakeRequest), Object(CakeResponse))
#12 {main}
2013-09-05 20:01:17 Error: [MissingConnectionException] Database connection "SQLSTATE[42000] [1049] Unknown database 'testDb'" is missing, or could not be created.
#0 /var/www/html/manu_cake/lib/Cake/Model/Datasource/DboSource.php(244): Mysql->connect()
#1 /var/www/html/manu_cake/lib/Cake/Model/ConnectionManager.php(98): DboSource->__construct(Array)
#2 /var/www/html/manu_cake/lib/Cake/Model/Model.php(3214): ConnectionManager::getDataSource('default')
#3 /var/www/html/manu_cake/lib/Cake/Model/Model.php(1023): Model->setDataSource('default')
#4 /var/www/html/manu_cake/lib/Cake/Model/Model.php(3238): Model->setSource('users')
#5 /var/www/html/manu_cake/lib/Cake/Model/Model.php(2460): Model->getDataSource()
#6 /var/www/html/manu_cake/app/Controller/users_controller.php(19): Model->find('all', Array)
#7 [internal function]: UsersController->index()
#8 /var/www/html/manu_cake/lib/Cake/Controller/Controller.php(473): ReflectionMethod->invokeArgs(Object(UsersController), Array)
#9 /var/www/html/manu_cake/lib/Cake/Routing/Dispatcher.php(107): Controller->invokeAction(Object(CakeRequest))
#10 /var/www/html/manu_cake/lib/Cake/Routing/Dispatcher.php(89): Dispatcher->_invoke(Object(UsersController), Object(CakeRequest), Object(CakeResponse))
#11 /var/www/html/manu_cake/app/webroot/index.php(96): Dispatcher->dispatch(Object(CakeRequest), Object(CakeResponse))
#12 {main}
2013-09-07 05:13:03 Error: [MissingConnectionException] Database connection "SQLSTATE[42000] [1049] Unknown database 'testDb'" is missing, or could not be created.
#0 /var/www/html/manu_cake/lib/Cake/Model/Datasource/DboSource.php(244): Mysql->connect()
#1 /var/www/html/manu_cake/lib/Cake/Model/ConnectionManager.php(98): DboSource->__construct(Array)
#2 /var/www/html/manu_cake/lib/Cake/Model/Model.php(3214): ConnectionManager::getDataSource('default')
#3 /var/www/html/manu_cake/lib/Cake/Model/Model.php(1023): Model->setDataSource('default')
#4 /var/www/html/manu_cake/lib/Cake/Model/Model.php(3238): Model->setSource('users')
#5 /var/www/html/manu_cake/lib/Cake/Model/Model.php(2460): Model->getDataSource()
#6 /var/www/html/manu_cake/app/Controller/users_controller.php(19): Model->find('all', Array)
#7 [internal function]: UsersController->index()
#8 /var/www/html/manu_cake/lib/Cake/Controller/Controller.php(473): ReflectionMethod->invokeArgs(Object(UsersController), Array)
#9 /var/www/html/manu_cake/lib/Cake/Routing/Dispatcher.php(107): Controller->invokeAction(Object(CakeRequest))
#10 /var/www/html/manu_cake/lib/Cake/Routing/Dispatcher.php(89): Dispatcher->_invoke(Object(UsersController), Object(CakeRequest), Object(CakeResponse))
#11 /var/www/html/manu_cake/app/webroot/index.php(96): Dispatcher->dispatch(Object(CakeRequest), Object(CakeResponse))
#12 {main}
2013-09-07 05:35:24 Error: [MissingTableException] Database table users for model User was not found.
#0 /var/www/html/manu_cake/lib/Cake/Model/Model.php(3238): Model->setSource('users')
#1 /var/www/html/manu_cake/lib/Cake/Model/Model.php(2460): Model->getDataSource()
#2 /var/www/html/manu_cake/app/Controller/users_controller.php(19): Model->find('all', Array)
#3 [internal function]: UsersController->index()
#4 /var/www/html/manu_cake/lib/Cake/Controller/Controller.php(473): ReflectionMethod->invokeArgs(Object(UsersController), Array)
#5 /var/www/html/manu_cake/lib/Cake/Routing/Dispatcher.php(107): Controller->invokeAction(Object(CakeRequest))
#6 /var/www/html/manu_cake/lib/Cake/Routing/Dispatcher.php(89): Dispatcher->_invoke(Object(UsersController), Object(CakeRequest), Object(CakeResponse))
#7 /var/www/html/manu_cake/app/webroot/index.php(96): Dispatcher->dispatch(Object(CakeRequest), Object(CakeResponse))
#8 {main}
2013-09-07 05:48:11 Error: [MissingTableException] Database table users for model User was not found.
#0 /var/www/html/manu_cake/lib/Cake/Model/Model.php(3238): Model->setSource('users')
#1 /var/www/html/manu_cake/lib/Cake/Model/Model.php(2460): Model->getDataSource()
#2 /var/www/html/manu_cake/app/Controller/users_controller.php(19): Model->find('all', Array)
#3 [internal function]: UsersController->index()
#4 /var/www/html/manu_cake/lib/Cake/Controller/Controller.php(473): ReflectionMethod->invokeArgs(Object(UsersController), Array)
#5 /var/www/html/manu_cake/lib/Cake/Routing/Dispatcher.php(107): Controller->invokeAction(Object(CakeRequest))
#6 /var/www/html/manu_cake/lib/Cake/Routing/Dispatcher.php(89): Dispatcher->_invoke(Object(UsersController), Object(CakeRequest), Object(CakeResponse))
#7 /var/www/html/manu_cake/app/webroot/index.php(96): Dispatcher->dispatch(Object(CakeRequest), Object(CakeResponse))
#8 {main}
2013-09-08 13:54:56 Error: [MissingTableException] Database table users for model User was not found.
#0 /var/www/html/manu_cake/lib/Cake/Model/Model.php(3238): Model->setSource('users')
#1 /var/www/html/manu_cake/lib/Cake/Model/Model.php(2460): Model->getDataSource()
#2 /var/www/html/manu_cake/app/Controller/users_controller.php(19): Model->find('all', Array)
#3 [internal function]: UsersController->index()
#4 /var/www/html/manu_cake/lib/Cake/Controller/Controller.php(473): ReflectionMethod->invokeArgs(Object(UsersController), Array)
#5 /var/www/html/manu_cake/lib/Cake/Routing/Dispatcher.php(107): Controller->invokeAction(Object(CakeRequest))
#6 /var/www/html/manu_cake/lib/Cake/Routing/Dispatcher.php(89): Dispatcher->_invoke(Object(UsersController), Object(CakeRequest), Object(CakeResponse))
#7 /var/www/html/manu_cake/app/webroot/index.php(96): Dispatcher->dispatch(Object(CakeRequest), Object(CakeResponse))
#8 {main}
2013-09-08 18:31:43 Error: [MissingControllerException] Controller class ExampleController could not be found.
#0 /var/www/html/manu_cake/app/webroot/index.php(96): Dispatcher->dispatch(Object(CakeRequest), Object(CakeResponse))
#1 {main}
2013-09-08 18:32:44 Error: [MissingControllerException] Controller class ExampleController could not be found.
#0 /var/www/html/manu_cake/app/webroot/index.php(96): Dispatcher->dispatch(Object(CakeRequest), Object(CakeResponse))
#1 {main}
2013-09-08 18:33:29 Error: [MissingActionException] Action ExampleController::index() could not be found.
#0 /var/www/html/manu_cake/lib/Cake/Routing/Dispatcher.php(107): Controller->invokeAction(Object(CakeRequest))
#1 /var/www/html/manu_cake/lib/Cake/Routing/Dispatcher.php(89): Dispatcher->_invoke(Object(ExampleController), Object(CakeRequest), Object(CakeResponse))
#2 /var/www/html/manu_cake/app/webroot/index.php(96): Dispatcher->dispatch(Object(CakeRequest), Object(CakeResponse))
#3 {main}
2013-09-08 18:34:29 Error: [MissingActionException] Action ExampleController::download() could not be found.
#0 /var/www/html/manu_cake/lib/Cake/Routing/Dispatcher.php(107): Controller->invokeAction(Object(CakeRequest))
#1 /var/www/html/manu_cake/lib/Cake/Routing/Dispatcher.php(89): Dispatcher->_invoke(Object(ExampleController), Object(CakeRequest), Object(CakeResponse))
#2 /var/www/html/manu_cake/app/webroot/index.php(96): Dispatcher->dispatch(Object(CakeRequest), Object(CakeResponse))
#3 {main}
